***FITTING RESULT***

All function parameters are: 

'N'	= 2511.34 ± 4.0	(0.00000,Infinity)
'bkg'	= 5.13 ± 0.26
'X'	= 0.61869 ± 0.0024
'shift'	= -0.02811 ± 0.0038
'exPos'	= 12.76 ± 0.21
'ionPos'	= 9.61 ± 1.8
'exW'	= 1.63 ± 0.36
'ionW'	= 8.53 ± 3.9
'exIonRatio'	= 1.02 ± 1.1

The best fit values are: 

'X'	= 0.61869 ± 0.0024
'shift'	= -0.02811 ± 0.0038
'exPos'	= 12.76 ± 0.21
'ionPos'	= 9.61 ± 1.8
'exW'	= 1.63 ± 0.36
'ionW'	= 8.53 ± 3.9
'exIonRatio'	= 1.02 ± 1.1
'N'	= 2511.34 ± 4.0	(0.00000,Infinity)
'bkg'	= 5.13 ± 0.26

Corellation marix:

N         	bkg       	X         	exPos     	ionPos    	exW       	ionW      	exIonRatio	

   1.00000	-0.0662583	  0.614502	 -0.759348	 -0.602223	 -0.653797	 -0.735876	 -0.672472	
-0.0662583	   1.00000	 0.0680878	0.00360756	0.00324603	0.00885635	0.00185516	0.00154403	
  0.614502	 0.0680878	   1.00000	 -0.423674	 -0.366188	 -0.228935	 -0.463217	 -0.436417	
 -0.759348	0.00360756	 -0.423674	   1.00000	  0.321136	  0.899795	  0.510268	  0.408739	
 -0.602223	0.00324603	 -0.366188	  0.321136	   1.00000	  0.184585	  0.954471	  0.973775	
 -0.653797	0.00885635	 -0.228935	  0.899795	  0.184585	   1.00000	  0.341006	  0.219006	
 -0.735876	0.00185516	 -0.463217	  0.510268	  0.954471	  0.341006	   1.00000	  0.990671	
 -0.672472	0.00154403	 -0.436417	  0.408739	  0.973775	  0.219006	  0.990671	   1.00000	


Chi squared over degrees of freedom: 47.8272/37 = 1.29263

*** LOSS SPECTRUM INFORMATION ***

The ionization ratio (using threshold 17.000000) is 0.401136
The ionization ratio standard deviation (using threshold 17.000000) is 2.235751


*** SUMMARY ***
name	X	X_err	exPos	exPos_err	ionPos	ionPos_err	exW	exW_err	ionW	ionW_err	exIonRatio	exIonRatio_err	ionRatio	ionRatioErr	chi2
d2_19_2_loss	0.618689	0.002356	12.764715	0.206334	9.608151	1.776154	1.631064	0.359591	8.527456	3.891750	1.017968	1.055515	0.401136	2.235751	1.292626

*** LOSS SPECTRUM***

0.00000	0.000000e+00
0.20040080	5.793024e-53
0.40080160	2.477082e-51
0.60120240	9.971290e-50
0.80160321	3.778663e-48
1.0020040	1.348034e-46
1.2024048	4.527300e-45
1.4028056	1.431376e-43
1.6032064	4.260336e-42
1.8036072	1.193741e-40
2.0040080	3.148849e-39
2.2044088	7.819332e-38
2.4048096	1.827946e-36
2.6052104	4.022840e-35
2.8056112	8.334473e-34
3.0060120	1.625546e-32
3.2064128	2.984670e-31
3.4068136	5.159045e-30
3.6072144	8.394949e-29
3.8076152	1.286005e-27
4.0080160	1.854570e-26
4.2084168	2.517790e-25
4.4088176	3.217893e-24
4.6092184	3.871682e-23
4.8096192	4.385343e-22
5.0100200	4.676095e-21
5.2104208	4.693955e-20
5.4108216	4.435784e-19
5.6112224	3.946187e-18
5.8116232	3.304919e-17
6.0120240	2.605673e-16
6.2124248	1.933992e-15
6.4128257	1.351343e-14
6.6132265	8.888982e-14
6.8136273	5.504457e-13
7.0140281	3.208875e-12
7.2144289	1.761031e-11
7.4148297	9.098230e-11
7.6152305	4.425097e-10
7.8156313	2.026117e-09
8.0160321	8.733374e-09
8.2164329	3.543851e-08
8.4168337	1.353770e-07
8.6172345	4.868441e-07
8.8176353	1.648204e-06
9.0180361	5.253004e-06
9.2184369	1.576088e-05
9.4188377	4.451731e-05
9.6192385	1.183732e-04
9.8196393	2.963150e-04
10.020040	6.982802e-04
10.220441	1.549108e-03
10.420842	3.235262e-03
10.621242	6.360821e-03
10.821643	1.177315e-02
11.022044	2.051389e-02
11.222445	3.364956e-02
11.422846	5.196207e-02
11.623246	7.553868e-02
11.823647	1.033780e-01
12.024048	1.331873e-01
12.224449	1.615375e-01
12.424850	1.844420e-01
12.625251	1.982540e-01
12.825651	2.006135e-01
13.026052	1.911059e-01
13.226453	1.713814e-01
13.426854	1.446870e-01
13.627255	1.149929e-01
13.827655	9.984188e-02
14.028056	9.525853e-02
14.228457	9.089245e-02
14.428858	8.674051e-02
14.629259	8.279777e-02
14.829659	7.905790e-02
15.030060	7.551358e-02
15.230461	7.215682e-02
15.430862	6.897925e-02
15.631263	6.597230e-02
15.831663	6.312733e-02
16.032064	6.043582e-02
16.232465	5.788941e-02
16.432866	5.548001e-02
16.633267	5.319981e-02
16.833667	5.104133e-02
17.034068	4.899744e-02
17.234469	4.706137e-02
17.434870	4.522671e-02
17.635271	4.348741e-02
17.835671	4.183776e-02
18.036072	4.027240e-02
18.236473	3.878629e-02
18.436874	3.737470e-02
18.637275	3.603319e-02
18.837675	3.475763e-02
19.038076	3.354410e-02
19.238477	3.238899e-02
19.438878	3.128888e-02
19.639279	3.024059e-02
19.839679	2.924114e-02
20.040080	2.828773e-02
20.240481	2.737777e-02
20.440882	2.650880e-02
20.641283	2.567855e-02
20.841683	2.488487e-02
21.042084	2.412577e-02
21.242485	2.339936e-02
21.442886	2.270388e-02
21.643287	2.203769e-02
21.843687	2.139924e-02
22.044088	2.078707e-02
22.244489	2.019983e-02
22.444890	1.963623e-02
22.645291	1.909508e-02
22.845691	1.857523e-02
23.046092	1.807563e-02
23.246493	1.759528e-02
23.446894	1.713323e-02
23.647295	1.668860e-02
23.847695	1.626054e-02
24.048096	1.584828e-02
24.248497	1.545107e-02
24.448898	1.506821e-02
24.649299	1.469903e-02
24.849699	1.434290e-02
25.050100	1.399924e-02
25.250501	1.366749e-02
25.450902	1.334711e-02
25.651303	1.303761e-02
25.851703	1.273850e-02
26.052104	1.244935e-02
26.252505	1.216972e-02
26.452906	1.189921e-02
26.653307	1.163743e-02
26.853707	1.138403e-02
27.054108	1.113865e-02
27.254509	1.090097e-02
27.454910	1.067068e-02
27.655311	1.044747e-02
27.855711	1.023107e-02
28.056112	1.002121e-02
28.256513	9.817626e-03
28.456914	9.620081e-03
28.657315	9.428342e-03
28.857715	9.242186e-03
29.058116	9.061403e-03
29.258517	8.885791e-03
29.458918	8.715158e-03
29.659319	8.549320e-03
29.859719	8.388103e-03
30.060120	8.231338e-03
30.260521	8.078866e-03
30.460922	7.930533e-03
30.661323	7.786194e-03
30.861723	7.645707e-03
31.062124	7.508940e-03
31.262525	7.375763e-03
31.462926	7.246053e-03
31.663327	7.119694e-03
31.863727	6.996571e-03
32.064128	6.876577e-03
32.264529	6.759608e-03
32.464930	6.645564e-03
32.665331	6.534350e-03
32.865731	6.425873e-03
33.066132	6.320046e-03
33.266533	6.216784e-03
33.466934	6.116006e-03
33.667335	6.017633e-03
33.867735	5.921591e-03
34.068136	5.827807e-03
34.268537	5.736212e-03
34.468938	5.646738e-03
34.669339	5.559321e-03
34.869739	5.473900e-03
35.070140	5.390415e-03
35.270541	5.308807e-03
35.470942	5.229023e-03
35.671343	5.151007e-03
35.871743	5.074710e-03
36.072144	5.000081e-03
36.272545	4.927072e-03
36.472946	4.855638e-03
36.673347	4.785733e-03
36.873747	4.717315e-03
37.074148	4.650342e-03
37.274549	4.584774e-03
37.474950	4.520572e-03
37.675351	4.457699e-03
37.875752	4.396119e-03
38.076152	4.335797e-03
38.276553	4.276699e-03
38.476954	4.218793e-03
38.677355	4.162046e-03
38.877756	4.106429e-03
39.078156	4.051911e-03
39.278557	3.998464e-03
39.478958	3.946061e-03
39.679359	3.894675e-03
39.879760	3.844279e-03
40.080160	3.794849e-03
40.280561	3.746360e-03
40.480962	3.698789e-03
40.681363	3.652112e-03
40.881764	3.606308e-03
41.082164	3.561355e-03
41.282565	3.517233e-03
41.482966	3.473920e-03
41.683367	3.431398e-03
41.883768	3.389647e-03
42.084168	3.348650e-03
42.284569	3.308388e-03
42.484970	3.268843e-03
42.685371	3.229999e-03
42.885772	3.191840e-03
43.086172	3.154350e-03
43.286573	3.117513e-03
43.486974	3.081313e-03
43.687375	3.045738e-03
43.887776	3.010772e-03
44.088176	2.976401e-03
44.288577	2.942613e-03
44.488978	2.909394e-03
44.689379	2.876732e-03
44.889780	2.844614e-03
45.090180	2.813028e-03
45.290581	2.781963e-03
45.490982	2.751408e-03
45.691383	2.721350e-03
45.891784	2.691781e-03
46.092184	2.662688e-03
46.292585	2.634063e-03
46.492986	2.605895e-03
46.693387	2.578174e-03
46.893788	2.550891e-03
47.094188	2.524037e-03
47.294589	2.497603e-03
47.494990	2.471581e-03
47.695391	2.445961e-03
47.895792	2.420736e-03
48.096192	2.395898e-03
48.296593	2.371438e-03
48.496994	2.347350e-03
48.697395	2.323625e-03
48.897796	2.300257e-03
49.098196	2.277239e-03
49.298597	2.254562e-03
49.498998	2.232222e-03
49.699399	2.210211e-03
49.899800	2.188522e-03
50.100200	2.167150e-03
50.300601	2.146088e-03
50.501002	2.125331e-03
50.701403	2.104873e-03
50.901804	2.084707e-03
51.102204	2.064829e-03
51.302605	2.045233e-03
51.503006	2.025913e-03
51.703407	2.006865e-03
51.903808	1.988084e-03
52.104208	1.969564e-03
52.304609	1.951300e-03
52.505010	1.933289e-03
52.705411	1.915525e-03
52.905812	1.898005e-03
53.106212	1.880722e-03
53.306613	1.863674e-03
53.507014	1.846856e-03
53.707415	1.830264e-03
53.907816	1.813894e-03
54.108216	1.797741e-03
54.308617	1.781803e-03
54.509018	1.766076e-03
54.709419	1.750555e-03
54.909820	1.735237e-03
55.110220	1.720118e-03
55.310621	1.705196e-03
55.511022	1.690467e-03
55.711423	1.675927e-03
55.911824	1.661573e-03
56.112224	1.647403e-03
56.312625	1.633412e-03
56.513026	1.619599e-03
56.713427	1.605959e-03
56.913828	1.592491e-03
57.114228	1.579191e-03
57.314629	1.566056e-03
57.515030	1.553084e-03
57.715431	1.540272e-03
57.915832	1.527618e-03
58.116232	1.515119e-03
58.316633	1.502772e-03
58.517034	1.490575e-03
58.717435	1.478525e-03
58.917836	1.466621e-03
59.118236	1.454859e-03
59.318637	1.443238e-03
59.519038	1.431755e-03
59.719439	1.420409e-03
59.919840	1.409197e-03
60.120240	1.398116e-03
60.320641	1.387165e-03
60.521042	1.376343e-03
60.721443	1.365646e-03
60.921844	1.355073e-03
61.122244	1.344622e-03
61.322645	1.334291e-03
61.523046	1.324079e-03
61.723447	1.313983e-03
61.923848	1.304002e-03
62.124248	1.294134e-03
62.324649	1.284377e-03
62.525050	1.274730e-03
62.725451	1.265191e-03
62.925852	1.255758e-03
63.126253	1.246431e-03
63.326653	1.237206e-03
63.527054	1.228084e-03
63.727455	1.219061e-03
63.927856	1.210138e-03
64.128257	1.201312e-03
64.328657	1.192582e-03
64.529058	1.183947e-03
64.729459	1.175405e-03
64.929860	1.166955e-03
65.130261	1.158595e-03
65.330661	1.150325e-03
65.531062	1.142143e-03
65.731463	1.134048e-03
65.931864	1.126038e-03
66.132265	1.118113e-03
66.332665	1.110271e-03
66.533066	1.102511e-03
66.733467	1.094832e-03
66.933868	1.087232e-03
67.134269	1.079712e-03
67.334669	1.072269e-03
67.535070	1.064903e-03
67.735471	1.057612e-03
67.935872	1.050395e-03
68.136273	1.043252e-03
68.336673	1.036182e-03
68.537074	1.029183e-03
68.737475	1.022255e-03
68.937876	1.015396e-03
69.138277	1.008606e-03
69.338677	1.001884e-03
69.539078	9.952282e-04
69.739479	9.886388e-04
69.939880	9.821144e-04
70.140281	9.756544e-04
70.340681	9.692577e-04
70.541082	9.629237e-04
70.741483	9.566514e-04
70.941884	9.504402e-04
71.142285	9.442891e-04
71.342685	9.381975e-04
71.543086	9.321645e-04
71.743487	9.261894e-04
71.943888	9.202716e-04
72.144289	9.144101e-04
72.344689	9.086044e-04
72.545090	9.028538e-04
72.745491	8.971574e-04
72.945892	8.915148e-04
73.146293	8.859251e-04
73.346693	8.803877e-04
73.547094	8.749021e-04
73.747495	8.694674e-04
73.947896	8.640832e-04
74.148297	8.587488e-04
74.348697	8.534635e-04
74.549098	8.482268e-04
74.749499	8.430381e-04
74.949900	8.378968e-04
75.150301	8.328023e-04
75.350701	8.277541e-04
75.551102	8.227515e-04
75.751503	8.177941e-04
75.951904	8.128814e-04
76.152305	8.080127e-04
76.352705	8.031875e-04
76.553106	7.984054e-04
76.753507	7.936658e-04
76.953908	7.889682e-04
77.154309	7.843122e-04
77.354709	7.796972e-04
77.555110	7.751228e-04
77.755511	7.705884e-04
77.955912	7.660937e-04
78.156313	7.616381e-04
78.356713	7.572213e-04
78.557114	7.528427e-04
78.757515	7.485019e-04
78.957916	7.441985e-04
79.158317	7.399321e-04
79.358717	7.357022e-04
79.559118	7.315084e-04
79.759519	7.273503e-04
79.959920	7.232276e-04
80.160321	7.191397e-04
80.360721	7.150864e-04
80.561122	7.110672e-04
80.761523	7.070818e-04
80.961924	7.031297e-04
81.162325	6.992107e-04
81.362725	6.953243e-04
81.563126	6.914701e-04
81.763527	6.876479e-04
81.963928	6.838572e-04
82.164329	6.800978e-04
82.364729	6.763692e-04
82.565130	6.726712e-04
82.765531	6.690034e-04
82.965932	6.653655e-04
83.166333	6.617571e-04
83.366733	6.581780e-04
83.567134	6.546278e-04
83.767535	6.511062e-04
83.967936	6.476130e-04
84.168337	6.441477e-04
84.368737	6.407101e-04
84.569138	6.373000e-04
84.769539	6.339170e-04
84.969940	6.305608e-04
85.170341	6.272312e-04
85.370741	6.239278e-04
85.571142	6.206505e-04
85.771543	6.173989e-04
85.971944	6.141727e-04
86.172345	6.109717e-04
86.372745	6.077957e-04
86.573146	6.046444e-04
86.773547	6.015174e-04
86.973948	5.984147e-04
87.174349	5.953358e-04
87.374749	5.922807e-04
87.575150	5.892489e-04
87.775551	5.862404e-04
87.975952	5.832548e-04
88.176353	5.802920e-04
88.376754	5.773516e-04
88.577154	5.744335e-04
88.777555	5.715375e-04
88.977956	5.686633e-04
89.178357	5.658107e-04
89.378758	5.629795e-04
89.579158	5.601694e-04
89.779559	5.573803e-04
89.979960	5.546120e-04
90.180361	5.518643e-04
90.380762	5.491369e-04
90.581162	5.464296e-04
90.781563	5.437423e-04
90.981964	5.410748e-04
91.182365	5.384268e-04
91.382766	5.357982e-04
91.583166	5.331887e-04
91.783567	5.305983e-04
91.983968	5.280267e-04
92.184369	5.254737e-04
92.384770	5.229392e-04
92.585170	5.204230e-04
92.785571	5.179248e-04
92.985972	5.154446e-04
93.186373	5.129822e-04
93.386774	5.105373e-04
93.587174	5.081098e-04
93.787575	5.056996e-04
93.987976	5.033066e-04
94.188377	5.009304e-04
94.388778	4.985710e-04
94.589178	4.962282e-04
94.789579	4.939019e-04
94.989980	4.915919e-04
95.190381	4.892981e-04
95.390782	4.870202e-04
95.591182	4.847582e-04
95.791583	4.825119e-04
95.991984	4.802812e-04
96.192385	4.780659e-04
96.392786	4.758659e-04
96.593186	4.736810e-04
96.793587	4.715112e-04
96.993988	4.693562e-04
97.194389	4.672159e-04
97.394790	4.650902e-04
97.595190	4.629790e-04
97.795591	4.608821e-04
97.995992	4.587994e-04
98.196393	4.567308e-04
98.396794	4.546761e-04
98.597194	4.526353e-04
98.797595	4.506081e-04
98.997996	4.485945e-04
99.198397	4.465944e-04
99.398798	4.446077e-04
99.599198	4.426341e-04
99.799599	4.406736e-04
100.00000	4.387262e-04
