***FITTING RESULT***

All function parameters are: 

'N'	= 2651.81 ± 3.0	(0.00000,Infinity)
'bkg'	= 348.61 ± 1.7
'X'	= 0.74650 ± 0.0026
'shift'	= -0.00565 ± 0.0055
'exPos'	= 12.745 ± 0.095
'ionPos'	= 11.16 ± 1.0
'exW'	= 1.24 ± 0.22
'ionW'	= 11.53 ± 1.2
'exIonRatio'	= 2.44 ± 0.71

The best fit values are: 

'X'	= 0.74650 ± 0.0026
'shift'	= -0.00565 ± 0.0055
'exPos'	= 12.745 ± 0.095
'ionPos'	= 11.16 ± 1.0
'exW'	= 1.24 ± 0.22
'ionW'	= 11.53 ± 1.2
'exIonRatio'	= 2.44 ± 0.71
'N'	= 2651.81 ± 3.0	(0.00000,Infinity)
'bkg'	= 348.61 ± 1.7

Corellation marix:

N         	bkg       	X         	exPos     	ionPos    	exW       	ionW      	exIonRatio	

   1.00000	 -0.543918	  0.203989	  0.268532	  0.452458	  0.189589	  0.450306	  0.380145	
 -0.543918	   1.00000	  0.384411	0.000871636	 0.0219448	 0.0145337	-0.00356259	0.00636832	
  0.203989	  0.384411	   1.00000	  0.132054	  0.262611	  0.276689	  0.187056	  0.135657	
  0.268532	0.000871636	  0.132054	   1.00000	  0.232459	  0.782016	  0.470081	  0.111598	
  0.452458	 0.0219448	  0.262611	  0.232459	   1.00000	 0.0787257	  0.879604	  0.901341	
  0.189589	 0.0145337	  0.276689	  0.782016	 0.0787257	   1.00000	  0.238659	 -0.214152	
  0.450306	-0.00356259	  0.187056	  0.470081	  0.879604	  0.238659	   1.00000	  0.881999	
  0.380145	0.00636832	  0.135657	  0.111598	  0.901341	 -0.214152	  0.881999	   1.00000	


Chi squared over degrees of freedom: 52.5165/45 = 1.16703

*** LOSS SPECTRUM INFORMATION ***

The ionization ratio (using threshold 17.000000) is 0.416272
The ionization ratio standard deviation (using threshold 17.000000) is 0.012863


*** SUMMARY ***
name	X	X_err	exPos	exPos_err	ionPos	ionPos_err	exW	exW_err	ionW	ionW_err	exIonRatio	exIonRatio_err	ionRatio	ionRatioErr	chi2
d2_14_1_loss	0.746496	0.002603	12.744862	0.094880	11.158525	0.997677	1.243111	0.217805	11.526323	1.168040	2.444946	0.714756	0.416272	0.012863	1.167033

*** LOSS SPECTRUM***

0.00000	0.000000e+00
0.20040080	8.773771e-90
0.40080160	5.580062e-87
0.60120240	3.198492e-84
0.80160321	1.652362e-81
1.0020040	7.693402e-79
1.2024048	3.228385e-76
1.4028056	1.220972e-73
1.6032064	4.161787e-71
1.8036072	1.278520e-68
2.0040080	3.539880e-66
2.2044088	8.833306e-64
2.4048096	1.986605e-61
2.6052104	4.026737e-59
2.8056112	7.356117e-57
3.0060120	1.211149e-54
3.2064128	1.797215e-52
3.4068136	2.403566e-50
3.6072144	2.897114e-48
3.8076152	3.147232e-46
4.0080160	3.081381e-44
4.2084168	2.719040e-42
4.4088176	2.162417e-40
4.6092184	1.549947e-38
4.8096192	1.001262e-36
5.0100200	5.829510e-35
5.2104208	3.058934e-33
5.4108216	1.446644e-31
5.6112224	6.166046e-30
5.8116232	2.368675e-28
6.0120240	8.200827e-27
6.2124248	2.558959e-25
6.4128257	7.196523e-24
6.6132265	1.824045e-22
6.8136273	4.166794e-21
7.0140281	8.578711e-20
7.2144289	1.591826e-18
7.4148297	2.662089e-17
7.6152305	4.012391e-16
7.8156313	5.450514e-15
8.0160321	6.673063e-14
8.2164329	7.363199e-13
8.4168337	7.322534e-12
8.6172345	6.563112e-11
8.8176353	5.301659e-10
9.0180361	3.859823e-09
9.2184369	2.532657e-08
9.4188377	1.497749e-07
9.6192385	7.982800e-07
9.8196393	3.834643e-06
10.020040	1.660154e-05
10.220441	6.477764e-05
10.420842	2.278009e-04
10.621242	7.220038e-04
10.821643	2.062419e-03
11.022044	5.309676e-03
11.222445	1.232006e-02
11.422846	2.576386e-02
11.623246	4.855820e-02
11.823647	8.248365e-02
12.024048	1.262777e-01
12.224449	1.742365e-01
12.424850	2.166731e-01
12.625251	2.428424e-01
12.825651	2.453000e-01
13.026052	2.233182e-01
13.226453	1.832333e-01
13.426854	1.354996e-01
13.627255	9.030781e-02
13.827655	8.331073e-02
14.028056	8.107973e-02
14.228457	7.881635e-02
14.428858	7.653565e-02
14.629259	7.425123e-02
14.829659	7.197519e-02
15.030060	6.971817e-02
15.230461	6.748936e-02
15.430862	6.529658e-02
15.631263	6.314636e-02
15.831663	6.104404e-02
16.032064	5.899390e-02
16.232465	5.699924e-02
16.432866	5.506248e-02
16.633267	5.318533e-02
16.833667	5.136880e-02
17.034068	4.961336e-02
17.234469	4.791898e-02
17.434870	4.628526e-02
17.635271	4.471143e-02
17.835671	4.319646e-02
18.036072	4.173912e-02
18.236473	4.033797e-02
18.436874	3.899147e-02
18.637275	3.769796e-02
18.837675	3.645573e-02
19.038076	3.526300e-02
19.238477	3.411801e-02
19.438878	3.301895e-02
19.639279	3.196406e-02
19.839679	3.095157e-02
20.040080	2.997975e-02
20.240481	2.904693e-02
20.440882	2.815145e-02
20.641283	2.729171e-02
20.841683	2.646618e-02
21.042084	2.567337e-02
21.242485	2.491182e-02
21.442886	2.418018e-02
21.643287	2.347710e-02
21.843687	2.280132e-02
22.044088	2.215162e-02
22.244489	2.152684e-02
22.444890	2.092587e-02
22.645291	2.034764e-02
22.845691	1.979114e-02
23.046092	1.925540e-02
23.246493	1.873951e-02
23.446894	1.824258e-02
23.647295	1.776378e-02
23.847695	1.730231e-02
24.048096	1.685742e-02
24.248497	1.642838e-02
24.448898	1.601450e-02
24.649299	1.561514e-02
24.849699	1.522966e-02
25.050100	1.485748e-02
25.250501	1.449803e-02
25.450902	1.415078e-02
25.651303	1.381520e-02
25.851703	1.349083e-02
26.052104	1.317718e-02
26.252505	1.287382e-02
26.452906	1.258034e-02
26.653307	1.229632e-02
26.853707	1.202139e-02
27.054108	1.175518e-02
27.254509	1.149734e-02
27.454910	1.124755e-02
27.655311	1.100548e-02
27.855711	1.077085e-02
28.056112	1.054335e-02
28.256513	1.032271e-02
28.456914	1.010868e-02
28.657315	9.900995e-03
28.857715	9.699426e-03
29.058116	9.503741e-03
29.258517	9.313722e-03
29.458918	9.129161e-03
29.659319	8.949857e-03
29.859719	8.775620e-03
30.060120	8.606266e-03
30.260521	8.441622e-03
30.460922	8.281520e-03
30.661323	8.125799e-03
30.861723	7.974306e-03
31.062124	7.826894e-03
31.262525	7.683422e-03
31.462926	7.543754e-03
31.663327	7.407762e-03
31.863727	7.275321e-03
32.064128	7.146312e-03
32.264529	7.020620e-03
32.464930	6.898135e-03
32.665331	6.778753e-03
32.865731	6.662371e-03
33.066132	6.548893e-03
33.266533	6.438225e-03
33.466934	6.330277e-03
33.667335	6.224964e-03
33.867735	6.122201e-03
34.068136	6.021908e-03
34.268537	5.924010e-03
34.468938	5.828432e-03
34.669339	5.735103e-03
34.869739	5.643955e-03
35.070140	5.554920e-03
35.270541	5.467937e-03
35.470942	5.382943e-03
35.671343	5.299879e-03
35.871743	5.218689e-03
36.072144	5.139317e-03
36.272545	5.061712e-03
36.472946	4.985820e-03
36.673347	4.911595e-03
36.873747	4.838987e-03
37.074148	4.767951e-03
37.274549	4.698444e-03
37.474950	4.630421e-03
37.675351	4.563841e-03
37.875752	4.498666e-03
38.076152	4.434855e-03
38.276553	4.372373e-03
38.476954	4.311182e-03
38.677355	4.251249e-03
38.877756	4.192539e-03
39.078156	4.135019e-03
39.278557	4.078659e-03
39.478958	4.023428e-03
39.679359	3.969296e-03
39.879760	3.916234e-03
40.080160	3.864216e-03
40.280561	3.813214e-03
40.480962	3.763202e-03
40.681363	3.714155e-03
40.881764	3.666049e-03
41.082164	3.618861e-03
41.282565	3.572566e-03
41.482966	3.527144e-03
41.683367	3.482572e-03
41.883768	3.438830e-03
42.084168	3.395897e-03
42.284569	3.353755e-03
42.484970	3.312383e-03
42.685371	3.271764e-03
42.885772	3.231879e-03
43.086172	3.192712e-03
43.286573	3.154244e-03
43.486974	3.116460e-03
43.687375	3.079345e-03
43.887776	3.042881e-03
44.088176	3.007055e-03
44.288577	2.971851e-03
44.488978	2.937256e-03
44.689379	2.903256e-03
44.889780	2.869837e-03
45.090180	2.836986e-03
45.290581	2.804691e-03
45.490982	2.772939e-03
45.691383	2.741718e-03
45.891784	2.711017e-03
46.092184	2.680824e-03
46.292585	2.651128e-03
46.492986	2.621918e-03
46.693387	2.593184e-03
46.893788	2.564916e-03
47.094188	2.537104e-03
47.294589	2.509738e-03
47.494990	2.482809e-03
47.695391	2.456307e-03
47.895792	2.430224e-03
48.096192	2.404550e-03
48.296593	2.379278e-03
48.496994	2.354400e-03
48.697395	2.329906e-03
48.897796	2.305790e-03
49.098196	2.282044e-03
49.298597	2.258659e-03
49.498998	2.235630e-03
49.699399	2.212948e-03
49.899800	2.190608e-03
50.100200	2.168601e-03
50.300601	2.146922e-03
50.501002	2.125565e-03
50.701403	2.104522e-03
50.901804	2.083788e-03
51.102204	2.063356e-03
51.302605	2.043222e-03
51.503006	2.023379e-03
51.703407	2.003822e-03
51.903808	1.984545e-03
52.104208	1.965543e-03
52.304609	1.946811e-03
52.505010	1.928343e-03
52.705411	1.910136e-03
52.905812	1.892183e-03
53.106212	1.874481e-03
53.306613	1.857025e-03
53.507014	1.839810e-03
53.707415	1.822831e-03
53.907816	1.806086e-03
54.108216	1.789568e-03
54.308617	1.773275e-03
54.509018	1.757202e-03
54.709419	1.741345e-03
54.909820	1.725701e-03
55.110220	1.710265e-03
55.310621	1.695035e-03
55.511022	1.680005e-03
55.711423	1.665174e-03
55.911824	1.650537e-03
56.112224	1.636091e-03
56.312625	1.621834e-03
56.513026	1.607760e-03
56.713427	1.593868e-03
56.913828	1.580155e-03
57.114228	1.566616e-03
57.314629	1.553250e-03
57.515030	1.540054e-03
57.715431	1.527024e-03
57.915832	1.514158e-03
58.116232	1.501453e-03
58.316633	1.488906e-03
58.517034	1.476516e-03
58.717435	1.464278e-03
58.917836	1.452192e-03
59.118236	1.440253e-03
59.318637	1.428461e-03
59.519038	1.416812e-03
59.719439	1.405305e-03
59.919840	1.393936e-03
60.120240	1.382704e-03
60.320641	1.371607e-03
60.521042	1.360642e-03
60.721443	1.349808e-03
60.921844	1.339102e-03
61.122244	1.328522e-03
61.322645	1.318067e-03
61.523046	1.307733e-03
61.723447	1.297521e-03
61.923848	1.287427e-03
62.124248	1.277450e-03
62.324649	1.267588e-03
62.525050	1.257839e-03
62.725451	1.248202e-03
62.925852	1.238675e-03
63.126253	1.229256e-03
63.326653	1.219944e-03
63.527054	1.210736e-03
63.727455	1.201632e-03
63.927856	1.192630e-03
64.128257	1.183728e-03
64.328657	1.174925e-03
64.529058	1.166220e-03
64.729459	1.157611e-03
64.929860	1.149096e-03
65.130261	1.140675e-03
65.330661	1.132345e-03
65.531062	1.124106e-03
65.731463	1.115956e-03
65.931864	1.107894e-03
66.132265	1.099919e-03
66.332665	1.092030e-03
66.533066	1.084225e-03
66.733467	1.076502e-03
66.933868	1.068862e-03
67.134269	1.061303e-03
67.334669	1.053823e-03
67.535070	1.046421e-03
67.735471	1.039097e-03
67.935872	1.031850e-03
68.136273	1.024678e-03
68.336673	1.017580e-03
68.537074	1.010555e-03
68.737475	1.003602e-03
68.937876	9.967212e-04
69.138277	9.899102e-04
69.338677	9.831687e-04
69.539078	9.764955e-04
69.739479	9.698898e-04
69.939880	9.633508e-04
70.140281	9.568774e-04
70.340681	9.504688e-04
70.541082	9.441242e-04
70.741483	9.378428e-04
70.941884	9.316236e-04
71.142285	9.254659e-04
71.342685	9.193688e-04
71.543086	9.133316e-04
71.743487	9.073536e-04
71.943888	9.014338e-04
72.144289	8.955716e-04
72.344689	8.897663e-04
72.545090	8.840170e-04
72.745491	8.783231e-04
72.945892	8.726839e-04
73.146293	8.670987e-04
73.346693	8.615668e-04
73.547094	8.560875e-04
73.747495	8.506602e-04
73.947896	8.452841e-04
74.148297	8.399587e-04
74.348697	8.346834e-04
74.549098	8.294575e-04
74.749499	8.242803e-04
74.949900	8.191513e-04
75.150301	8.140700e-04
75.350701	8.090356e-04
75.551102	8.040477e-04
75.751503	7.991056e-04
75.951904	7.942089e-04
76.152305	7.893569e-04
76.352705	7.845491e-04
76.553106	7.797850e-04
76.753507	7.750640e-04
76.953908	7.703857e-04
77.154309	7.657495e-04
77.354709	7.611549e-04
77.555110	7.566015e-04
77.755511	7.520886e-04
77.955912	7.476160e-04
78.156313	7.431830e-04
78.356713	7.387892e-04
78.557114	7.344342e-04
78.757515	7.301175e-04
78.957916	7.258387e-04
79.158317	7.215972e-04
79.358717	7.173928e-04
79.559118	7.132249e-04
79.759519	7.090931e-04
79.959920	7.049970e-04
80.160321	7.009363e-04
80.360721	6.969104e-04
80.561122	6.929191e-04
80.761523	6.889619e-04
80.961924	6.850384e-04
81.162325	6.811482e-04
81.362725	6.772910e-04
81.563126	6.734664e-04
81.763527	6.696741e-04
81.963928	6.659136e-04
82.164329	6.621846e-04
82.364729	6.584868e-04
82.565130	6.548198e-04
82.765531	6.511833e-04
82.965932	6.475770e-04
83.166333	6.440004e-04
83.366733	6.404534e-04
83.567134	6.369355e-04
83.767535	6.334464e-04
83.967936	6.299859e-04
84.168337	6.265536e-04
84.368737	6.231492e-04
84.569138	6.197725e-04
84.769539	6.164230e-04
84.969940	6.131006e-04
85.170341	6.098049e-04
85.370741	6.065357e-04
85.571142	6.032926e-04
85.771543	6.000754e-04
85.971944	5.968838e-04
86.172345	5.937176e-04
86.372745	5.905765e-04
86.573146	5.874601e-04
86.773547	5.843684e-04
86.973948	5.813009e-04
87.174349	5.782574e-04
87.374749	5.752378e-04
87.575150	5.722417e-04
87.775551	5.692689e-04
87.975952	5.663192e-04
88.176353	5.633923e-04
88.376754	5.604880e-04
88.577154	5.576060e-04
88.777555	5.547462e-04
88.977956	5.519082e-04
89.178357	5.490920e-04
89.378758	5.462972e-04
89.579158	5.435237e-04
89.779559	5.407712e-04
89.979960	5.380395e-04
90.180361	5.353284e-04
90.380762	5.326377e-04
90.581162	5.299673e-04
90.781563	5.273168e-04
90.981964	5.246861e-04
91.182365	5.220751e-04
91.382766	5.194834e-04
91.583166	5.169109e-04
91.783567	5.143575e-04
91.983968	5.118230e-04
92.184369	5.093070e-04
92.384770	5.068096e-04
92.585170	5.043304e-04
92.785571	5.018694e-04
92.985972	4.994263e-04
93.186373	4.970010e-04
93.386774	4.945933e-04
93.587174	4.922030e-04
93.787575	4.898299e-04
93.987976	4.874740e-04
94.188377	4.851349e-04
94.388778	4.828127e-04
94.589178	4.805070e-04
94.789579	4.782178e-04
94.989980	4.759449e-04
95.190381	4.736882e-04
95.390782	4.714474e-04
95.591182	4.692224e-04
95.791583	4.670132e-04
95.991984	4.648195e-04
96.192385	4.626412e-04
96.392786	4.604781e-04
96.593186	4.583302e-04
96.793587	4.561972e-04
96.993988	4.540791e-04
97.194389	4.519756e-04
97.394790	4.498867e-04
97.595190	4.478123e-04
97.795591	4.457521e-04
97.995992	4.437061e-04
98.196393	4.416742e-04
98.396794	4.396561e-04
98.597194	4.376518e-04
98.797595	4.356612e-04
98.997996	4.336841e-04
99.198397	4.317204e-04
99.398798	4.297700e-04
99.599198	4.278328e-04
99.799599	4.259086e-04
100.00000	4.239974e-04
