***FITTING RESULT***

All function parameters are: 

'N'	= 2450.52 ± 3.4	(0.00000,Infinity)
'bkg'	= 6.73 ± 0.30
'X'	= 0.39231 ± 0.0023
'shift'	= 0.00758 ± 0.0018
'exPos'	= 12.84 ± 0.11
'ionPos'	= 16.21 ± 1.3
'exW'	= 1.84 ± 0.29
'ionW'	= 12.71 ± 0.86
'exIonRatio'	= 4.29 ± 0.67

The best fit values are: 

'X'	= 0.39231 ± 0.0023
'shift'	= 0.00758 ± 0.0018
'exPos'	= 12.84 ± 0.11
'ionPos'	= 16.21 ± 1.3
'exW'	= 1.84 ± 0.29
'ionW'	= 12.71 ± 0.86
'exIonRatio'	= 4.29 ± 0.67
'N'	= 2450.52 ± 3.4	(0.00000,Infinity)
'bkg'	= 6.73 ± 0.30

Corellation marix:

N         	bkg       	X         	exPos     	ionPos    	exW       	ionW      	exIonRatio	

   1.00000	-0.0848107	  0.664207	  0.622020	  0.699397	  0.529844	 -0.101307	  0.258593	
-0.0848107	   1.00000	 0.0599423	-0.000987453	0.00100485	 0.0101967	-0.00397907	-0.00535342	
  0.664207	 0.0599423	   1.00000	  0.348760	  0.432481	  0.525356	 -0.105550	 0.0475898	
  0.622020	-0.000987453	  0.348760	   1.00000	  0.371993	  0.698440	  0.241571	 0.0865482	
  0.699397	0.00100485	  0.432481	  0.371993	   1.00000	  0.212113	 -0.304615	  0.636233	
  0.529844	 0.0101967	  0.525356	  0.698440	  0.212113	   1.00000	  0.156346	 -0.394952	
 -0.101307	-0.00397907	 -0.105550	  0.241571	 -0.304615	  0.156346	   1.00000	  0.133019	
  0.258593	-0.00535342	 0.0475898	 0.0865482	  0.636233	 -0.394952	  0.133019	   1.00000	


Chi squared over degrees of freedom: 44.3473/37 = 1.19857

*** LOSS SPECTRUM INFORMATION ***

The ionization ratio (using threshold 17.000000) is 0.421498
The ionization ratio standard deviation (using threshold 17.000000) is 0.012048


*** SUMMARY ***
name	X	X_err	exPos	exPos_err	ionPos	ionPos_err	exW	exW_err	ionW	ionW_err	exIonRatio	exIonRatio_err	ionRatio	ionRatioErr	chi2
h2_19_2_loss	0.392307	0.002333	12.842566	0.114177	16.210752	1.319131	1.841530	0.287952	12.714536	0.856412	4.291245	0.671723	0.421498	0.012048	1.198574

*** LOSS SPECTRUM***

0.00000	0.000000e+00
0.20040080	2.406780e-42
0.40080160	4.666056e-41
0.60120240	8.627620e-40
0.80160321	1.521457e-38
1.0020040	2.558915e-37
1.2024048	4.104683e-36
1.4028056	6.279584e-35
1.6032064	9.162411e-34
1.8036072	1.275018e-32
2.0040080	1.692194e-31
2.2044088	2.141962e-30
2.4048096	2.585836e-29
2.6052104	2.977267e-28
2.8056112	3.269354e-27
3.0060120	3.424001e-26
3.2064128	3.420056e-25
3.4068136	3.258069e-24
3.6072144	2.960157e-23
3.8076152	2.565056e-22
4.0080160	2.119857e-21
4.2084168	1.670875e-20
4.4088176	1.256055e-19
4.6092184	9.005359e-19
4.8096192	6.157735e-18
5.0100200	4.015767e-17
5.2104208	2.497719e-16
5.4108216	1.481652e-15
5.6112224	8.382555e-15
5.8116232	4.523079e-14
6.0120240	2.327660e-13
6.2124248	1.142437e-12
6.4128257	5.347772e-12
6.6132265	2.387487e-11
6.8136273	1.016568e-10
7.0140281	4.128190e-10
7.2144289	1.598860e-09
7.4148297	5.905936e-09
7.6152305	2.080629e-08
7.8156313	6.990819e-08
8.0160321	2.240212e-07
8.2164329	6.846642e-07
8.4168337	1.995693e-06
8.6172345	5.548013e-06
8.8176353	1.470987e-05
9.0180361	3.719697e-05
9.2184369	8.970858e-05
9.4188377	2.063421e-04
9.6192385	4.526572e-04
9.8196393	9.470623e-04
10.020040	1.889797e-03
10.220441	3.596495e-03
10.420842	6.527866e-03
10.621242	1.130032e-02
10.821643	1.865682e-02
11.022044	2.937731e-02
11.222445	4.411782e-02
11.422846	6.318932e-02
11.623246	8.631790e-02
11.823647	1.124568e-01
12.024048	1.397327e-01
12.224449	1.655914e-01
12.424850	1.871567e-01
12.625251	2.017439e-01
12.825651	2.074068e-01
13.026052	2.033635e-01
13.226453	1.901738e-01
13.426854	1.696118e-01
13.627255	1.442743e-01
13.827655	1.170440e-01
14.028056	9.056019e-02
14.228457	6.682714e-02
14.428858	4.703227e-02
14.629259	4.552342e-02
14.829659	4.616203e-02
15.030060	4.672887e-02
15.230461	4.721796e-02
15.430862	4.762397e-02
15.631263	4.794234e-02
15.831663	4.816941e-02
16.032064	4.830253e-02
16.232465	4.834013e-02
16.432866	4.828175e-02
16.633267	4.812810e-02
16.833667	4.788099e-02
17.034068	4.754328e-02
17.234469	4.711885e-02
17.434870	4.661244e-02
17.635271	4.602952e-02
17.835671	4.537620e-02
18.036072	4.465901e-02
18.236473	4.388482e-02
18.436874	4.306065e-02
18.637275	4.219355e-02
18.837675	4.129046e-02
19.038076	4.035815e-02
19.238477	3.940307e-02
19.438878	3.843134e-02
19.639279	3.744863e-02
19.839679	3.646020e-02
20.040080	3.547080e-02
20.240481	3.448471e-02
20.440882	3.350576e-02
20.641283	3.253726e-02
20.841683	3.158212e-02
21.042084	3.064281e-02
21.242485	2.972139e-02
21.442886	2.881959e-02
21.643287	2.793877e-02
21.843687	2.708001e-02
22.044088	2.624412e-02
22.244489	2.543167e-02
22.444890	2.464302e-02
22.645291	2.387835e-02
22.845691	2.313767e-02
23.046092	2.242088e-02
23.246493	2.172774e-02
23.446894	2.105792e-02
23.647295	2.041102e-02
23.847695	1.978658e-02
24.048096	1.918406e-02
24.248497	1.860292e-02
24.448898	1.804256e-02
24.649299	1.750236e-02
24.849699	1.698171e-02
25.050100	1.647996e-02
25.250501	1.599649e-02
25.450902	1.553065e-02
25.651303	1.508182e-02
25.851703	1.464938e-02
26.052104	1.423271e-02
26.252505	1.383122e-02
26.452906	1.344432e-02
26.653307	1.307145e-02
26.853707	1.271206e-02
27.054108	1.236561e-02
27.254509	1.203159e-02
27.454910	1.170950e-02
27.655311	1.139886e-02
27.855711	1.109921e-02
28.056112	1.081010e-02
28.256513	1.053112e-02
28.456914	1.026183e-02
28.657315	1.000187e-02
28.857715	9.750833e-03
29.058116	9.508375e-03
29.258517	9.274144e-03
29.458918	9.047809e-03
29.659319	8.829053e-03
29.859719	8.617570e-03
30.060120	8.413071e-03
30.260521	8.215277e-03
30.460922	8.023922e-03
30.661323	7.838751e-03
30.861723	7.659522e-03
31.062124	7.486000e-03
31.262525	7.317964e-03
31.462926	7.155201e-03
31.663327	6.997506e-03
31.863727	6.844686e-03
32.064128	6.696554e-03
32.264529	6.552932e-03
32.464930	6.413650e-03
32.665331	6.278544e-03
32.865731	6.147459e-03
33.066132	6.020245e-03
33.266533	5.896760e-03
33.466934	5.776866e-03
33.667335	5.660433e-03
33.867735	5.547335e-03
34.068136	5.437452e-03
34.268537	5.330669e-03
34.468938	5.226877e-03
34.669339	5.125968e-03
34.869739	5.027842e-03
35.070140	4.932403e-03
35.270541	4.839555e-03
35.470942	4.749212e-03
35.671343	4.661286e-03
35.871743	4.575695e-03
36.072144	4.492362e-03
36.272545	4.411209e-03
36.472946	4.332165e-03
36.673347	4.255158e-03
36.873747	4.180124e-03
37.074148	4.106996e-03
37.274549	4.035713e-03
37.474950	3.966215e-03
37.675351	3.898446e-03
37.875752	3.832349e-03
38.076152	3.767873e-03
38.276553	3.704966e-03
38.476954	3.643579e-03
38.677355	3.583665e-03
38.877756	3.525179e-03
39.078156	3.468077e-03
39.278557	3.412316e-03
39.478958	3.357856e-03
39.679359	3.304658e-03
39.879760	3.252685e-03
40.080160	3.201899e-03
40.280561	3.152267e-03
40.480962	3.103753e-03
40.681363	3.056326e-03
40.881764	3.009954e-03
41.082164	2.964607e-03
41.282565	2.920256e-03
41.482966	2.876871e-03
41.683367	2.834426e-03
41.883768	2.792895e-03
42.084168	2.752252e-03
42.284569	2.712472e-03
42.484970	2.673532e-03
42.685371	2.635409e-03
42.885772	2.598080e-03
43.086172	2.561524e-03
43.286573	2.525720e-03
43.486974	2.490648e-03
43.687375	2.456289e-03
43.887776	2.422623e-03
44.088176	2.389633e-03
44.288577	2.357301e-03
44.488978	2.325610e-03
44.689379	2.294543e-03
44.889780	2.264085e-03
45.090180	2.234219e-03
45.290581	2.204931e-03
45.490982	2.176206e-03
45.691383	2.148031e-03
45.891784	2.120390e-03
46.092184	2.093272e-03
46.292585	2.066663e-03
46.492986	2.040551e-03
46.693387	2.014924e-03
46.893788	1.989770e-03
47.094188	1.965077e-03
47.294589	1.940834e-03
47.494990	1.917032e-03
47.695391	1.893658e-03
47.895792	1.870704e-03
48.096192	1.848159e-03
48.296593	1.826014e-03
48.496994	1.804260e-03
48.697395	1.782887e-03
48.897796	1.761887e-03
49.098196	1.741251e-03
49.298597	1.720972e-03
49.498998	1.701040e-03
49.699399	1.681448e-03
49.899800	1.662189e-03
50.100200	1.643255e-03
50.300601	1.624640e-03
50.501002	1.606335e-03
50.701403	1.588334e-03
50.901804	1.570631e-03
51.102204	1.553218e-03
51.302605	1.536091e-03
51.503006	1.519243e-03
51.703407	1.502667e-03
51.903808	1.486358e-03
52.104208	1.470310e-03
52.304609	1.454518e-03
52.505010	1.438977e-03
52.705411	1.423681e-03
52.905812	1.408625e-03
53.106212	1.393805e-03
53.306613	1.379215e-03
53.507014	1.364850e-03
53.707415	1.350707e-03
53.907816	1.336780e-03
54.108216	1.323066e-03
54.308617	1.309559e-03
54.509018	1.296257e-03
54.709419	1.283154e-03
54.909820	1.270247e-03
55.110220	1.257533e-03
55.310621	1.245006e-03
55.511022	1.232665e-03
55.711423	1.220504e-03
55.911824	1.208521e-03
56.112224	1.196711e-03
56.312625	1.185073e-03
56.513026	1.173602e-03
56.713427	1.162296e-03
56.913828	1.151151e-03
57.114228	1.140164e-03
57.314629	1.129333e-03
57.515030	1.118654e-03
57.715431	1.108124e-03
57.915832	1.097742e-03
58.116232	1.087503e-03
58.316633	1.077406e-03
58.517034	1.067448e-03
58.717435	1.057626e-03
58.917836	1.047939e-03
59.118236	1.038382e-03
59.318637	1.028955e-03
59.519038	1.019655e-03
59.719439	1.010480e-03
59.919840	1.001426e-03
60.120240	9.924937e-04
60.320641	9.836790e-04
60.521042	9.749805e-04
60.721443	9.663960e-04
60.921844	9.579237e-04
61.122244	9.495616e-04
61.322645	9.413077e-04
61.523046	9.331604e-04
61.723447	9.251176e-04
61.923848	9.171777e-04
62.124248	9.093390e-04
62.324649	9.015997e-04
62.525050	8.939581e-04
62.725451	8.864127e-04
62.925852	8.789619e-04
63.126253	8.716040e-04
63.326653	8.643376e-04
63.527054	8.571611e-04
63.727455	8.500731e-04
63.927856	8.430721e-04
64.128257	8.361568e-04
64.328657	8.293257e-04
64.529058	8.225775e-04
64.729459	8.159109e-04
64.929860	8.093245e-04
65.130261	8.028171e-04
65.330661	7.963875e-04
65.531062	7.900343e-04
65.731463	7.837565e-04
65.931864	7.775528e-04
66.132265	7.714221e-04
66.332665	7.653632e-04
66.533066	7.593750e-04
66.733467	7.534564e-04
66.933868	7.476065e-04
67.134269	7.418240e-04
67.334669	7.361080e-04
67.535070	7.304575e-04
67.735471	7.248715e-04
67.935872	7.193490e-04
68.136273	7.138891e-04
68.336673	7.084908e-04
68.537074	7.031532e-04
68.737475	6.978753e-04
68.937876	6.926564e-04
69.138277	6.874956e-04
69.338677	6.823919e-04
69.539078	6.773446e-04
69.739479	6.723528e-04
69.939880	6.674158e-04
70.140281	6.625326e-04
70.340681	6.577026e-04
70.541082	6.529251e-04
70.741483	6.481991e-04
70.941884	6.435240e-04
71.142285	6.388991e-04
71.342685	6.343237e-04
71.543086	6.297970e-04
71.743487	6.253184e-04
71.943888	6.208872e-04
72.144289	6.165028e-04
72.344689	6.121644e-04
72.545090	6.078714e-04
72.745491	6.036233e-04
72.945892	5.994194e-04
73.146293	5.952590e-04
73.346693	5.911416e-04
73.547094	5.870667e-04
73.747495	5.830335e-04
73.947896	5.790416e-04
74.148297	5.750904e-04
74.348697	5.711793e-04
74.549098	5.673079e-04
74.749499	5.634755e-04
74.949900	5.596817e-04
75.150301	5.559259e-04
75.350701	5.522076e-04
75.551102	5.485264e-04
75.751503	5.448817e-04
75.951904	5.412731e-04
76.152305	5.377001e-04
76.352705	5.341623e-04
76.553106	5.306591e-04
76.753507	5.271901e-04
76.953908	5.237549e-04
77.154309	5.203530e-04
77.354709	5.169841e-04
77.555110	5.136477e-04
77.755511	5.103433e-04
77.955912	5.070706e-04
78.156313	5.038292e-04
78.356713	5.006187e-04
78.557114	4.974386e-04
78.757515	4.942887e-04
78.957916	4.911684e-04
79.158317	4.880776e-04
79.358717	4.850157e-04
79.559118	4.819824e-04
79.759519	4.789774e-04
79.959920	4.760003e-04
80.160321	4.730508e-04
80.360721	4.701286e-04
80.561122	4.672333e-04
80.761523	4.643645e-04
80.961924	4.615220e-04
81.162325	4.587054e-04
81.362725	4.559145e-04
81.563126	4.531488e-04
81.763527	4.504082e-04
81.963928	4.476923e-04
82.164329	4.450008e-04
82.364729	4.423334e-04
82.565130	4.396899e-04
82.765531	4.370699e-04
82.965932	4.344732e-04
83.166333	4.318995e-04
83.366733	4.293485e-04
83.567134	4.268200e-04
83.767535	4.243137e-04
83.967936	4.218294e-04
84.168337	4.193667e-04
84.368737	4.169255e-04
84.569138	4.145055e-04
84.769539	4.121064e-04
84.969940	4.097281e-04
85.170341	4.073702e-04
85.370741	4.050325e-04
85.571142	4.027149e-04
85.771543	4.004170e-04
85.971944	3.981387e-04
86.172345	3.958797e-04
86.372745	3.936399e-04
86.573146	3.914189e-04
86.773547	3.892167e-04
86.973948	3.870329e-04
87.174349	3.848674e-04
87.374749	3.827200e-04
87.575150	3.805905e-04
87.775551	3.784786e-04
87.975952	3.763842e-04
88.176353	3.743071e-04
88.376754	3.722472e-04
88.577154	3.702041e-04
88.777555	3.681777e-04
88.977956	3.661680e-04
89.178357	3.641745e-04
89.378758	3.621973e-04
89.579158	3.602361e-04
89.779559	3.582907e-04
89.979960	3.563611e-04
90.180361	3.544469e-04
90.380762	3.525481e-04
90.581162	3.506644e-04
90.781563	3.487958e-04
90.981964	3.469420e-04
91.182365	3.451029e-04
91.382766	3.432784e-04
91.583166	3.414683e-04
91.783567	3.396724e-04
91.983968	3.378907e-04
92.184369	3.361228e-04
92.384770	3.343688e-04
92.585170	3.326285e-04
92.785571	3.309016e-04
92.985972	3.291882e-04
93.186373	3.274880e-04
93.386774	3.258008e-04
93.587174	3.241267e-04
93.787575	3.224654e-04
93.987976	3.208169e-04
94.188377	3.191809e-04
94.388778	3.175573e-04
94.589178	3.159461e-04
94.789579	3.143471e-04
94.989980	3.127602e-04
95.190381	3.111852e-04
95.390782	3.096221e-04
95.591182	3.080707e-04
95.791583	3.065309e-04
95.991984	3.050026e-04
96.192385	3.034857e-04
96.392786	3.019801e-04
96.593186	3.004855e-04
96.793587	2.990021e-04
96.993988	2.975296e-04
97.194389	2.960679e-04
97.394790	2.946169e-04
97.595190	2.931765e-04
97.795591	2.917467e-04
97.995992	2.903273e-04
98.196393	2.889182e-04
98.396794	2.875193e-04
98.597194	2.861305e-04
98.797595	2.847517e-04
98.997996	2.833829e-04
99.198397	2.820239e-04
99.398798	2.806746e-04
99.599198	2.793350e-04
99.799599	2.780049e-04
100.00000	2.766842e-04
