***FITTING RESULT***

All function parameters are: 

'N'	= 3505.73 ± 2.2	(0.00000,Infinity)
'bkg'	= 16.80 ± 0.36
'X'	= 0.35582 ± 0.0013
'shift'	= 0.00092 ± 0.0013
'exPos'	= 12.638 ± 0.073
'ionPos'	= 14.89 ± 0.93
'exW'	= 1.15 ± 0.21
'ionW'	= 13.64 ± 0.63
'exIonRatio'	= 5.28 ± 0.89

The best fit values are: 

'X'	= 0.35582 ± 0.0013
'shift'	= 0.00092 ± 0.0013
'exPos'	= 12.638 ± 0.073
'ionPos'	= 14.89 ± 0.93
'exW'	= 1.15 ± 0.21
'ionW'	= 13.64 ± 0.63
'exIonRatio'	= 5.28 ± 0.89
'N'	= 3505.73 ± 2.2	(0.00000,Infinity)
'bkg'	= 16.80 ± 0.36

Corellation marix:

N         	bkg       	X         	exPos     	ionPos    	exW       	ionW      	exIonRatio	

   1.00000	 -0.162179	  0.498116	  0.205703	  0.478270	  0.106756	-0.000687872	  0.191619	
 -0.162179	   1.00000	 0.0693510	-0.00198059	-0.000169770	0.00831953	-0.00225250	-0.00605153	
  0.498116	 0.0693510	   1.00000	 0.0519326	  0.220756	  0.247096	-0.0154090	-0.0484863	
  0.205703	-0.00198059	 0.0519326	   1.00000	  0.291638	  0.651118	  0.533513	 -0.145963	
  0.478270	-0.000169770	  0.220756	  0.291638	   1.00000	 0.0704593	 0.0555519	  0.569905	
  0.106756	0.00831953	  0.247096	  0.651118	 0.0704593	   1.00000	  0.409642	 -0.683882	
-0.000687872	-0.00225250	-0.0154090	  0.533513	 0.0555519	  0.409642	   1.00000	 0.0520048	
  0.191619	-0.00605153	-0.0484863	 -0.145963	  0.569905	 -0.683882	 0.0520048	   1.00000	


Chi squared over degrees of freedom: 50.2124/37 = 1.35709

*** LOSS SPECTRUM INFORMATION ***

The ionization ratio (using threshold 17.000000) is 0.433593
The ionization ratio standard deviation (using threshold 17.000000) is 0.010879


*** SUMMARY ***
name	X	X_err	exPos	exPos_err	ionPos	ionPos_err	exW	exW_err	ionW	ionW_err	exIonRatio	exIonRatio_err	ionRatio	ionRatioErr	chi2
h2_17_1_loss	0.355819	0.001307	12.637818	0.072790	14.888554	0.927802	1.147092	0.209804	13.638022	0.626511	5.278174	0.889676	0.433593	0.010879	1.357091

*** LOSS SPECTRUM***

0.00000	0.000000e+00
0.20040080	2.176699e-103
0.40080160	3.998569e-100
0.60120240	6.501146e-97
0.80160321	9.355228e-94
1.0020040	1.191511e-90
1.2024048	1.343139e-87
1.4028056	1.340056e-84
1.6032064	1.183325e-81
1.8036072	9.248351e-79
2.0040080	6.397404e-76
2.2044088	3.916719e-73
2.4048096	2.122366e-70
2.6052104	1.017882e-67
2.8056112	4.320693e-65
3.0060120	1.623263e-62
3.2064128	5.397632e-60
3.4068136	1.588535e-57
3.6072144	4.137802e-55
3.8076152	9.539415e-53
4.0080160	1.946493e-50
4.2084168	3.515307e-48
4.4088176	5.618918e-46
4.6092184	7.949163e-44
4.8096192	9.953349e-42
5.0100200	1.103053e-39
5.2104208	1.081938e-37
5.4108216	9.392641e-36
5.6112224	7.216926e-34
5.8116232	4.907902e-32
6.0120240	2.954056e-30
6.2124248	1.573696e-28
6.4128257	7.419966e-27
6.6132265	3.096437e-25
6.8136273	1.143673e-23
7.0140281	3.738699e-22
7.2144289	1.081729e-20
7.4148297	2.770099e-19
7.6152305	6.278436e-18
7.8156313	1.259467e-16
8.0160321	2.236152e-15
8.2164329	3.513946e-14
8.4168337	4.887287e-13
8.6172345	6.016167e-12
8.8176353	6.554674e-11
9.0180361	6.320645e-10
9.2184369	5.394497e-09
9.4188377	4.074925e-08
9.6192385	2.724379e-07
9.8196393	1.612109e-06
10.020040	8.443076e-06
10.220441	3.913687e-05
10.420842	1.605649e-04
10.621242	5.830345e-04
10.821643	1.873774e-03
11.022044	5.329901e-03
11.222445	1.341839e-02
11.422846	2.989928e-02
11.623246	5.896581e-02
11.823647	1.029245e-01
12.024048	1.590072e-01
12.224449	2.174172e-01
12.424850	2.631177e-01
12.625251	2.818288e-01
12.825651	2.671775e-01
13.026052	2.241783e-01
13.226453	1.664817e-01
13.426854	1.094255e-01
13.627255	6.365752e-02
13.827655	5.214577e-02
14.028056	5.257081e-02
14.228457	5.291213e-02
14.428858	5.316634e-02
14.629259	5.333085e-02
14.829659	5.340398e-02
15.030060	5.338497e-02
15.230461	5.327403e-02
15.430862	5.307229e-02
15.631263	5.278181e-02
15.831663	5.240552e-02
16.032064	5.194713e-02
16.232465	5.141107e-02
16.432866	5.080234e-02
16.633267	5.012646e-02
16.833667	4.938931e-02
17.034068	4.859702e-02
17.234469	4.775588e-02
17.434870	4.687219e-02
17.635271	4.595221e-02
17.835671	4.500206e-02
18.036072	4.402761e-02
18.236473	4.303450e-02
18.436874	4.202799e-02
18.637275	4.101301e-02
18.837675	3.999409e-02
19.038076	3.897539e-02
19.238477	3.796062e-02
19.438878	3.695314e-02
19.639279	3.595589e-02
19.839679	3.497145e-02
20.040080	3.400205e-02
20.240481	3.304957e-02
20.440882	3.211561e-02
20.641283	3.120147e-02
20.841683	3.030818e-02
21.042084	2.943657e-02
21.242485	2.858724e-02
21.442886	2.776059e-02
21.643287	2.695689e-02
21.843687	2.617623e-02
22.044088	2.541860e-02
22.244489	2.468387e-02
22.444890	2.397183e-02
22.645291	2.328216e-02
22.845691	2.261452e-02
23.046092	2.196848e-02
23.246493	2.134358e-02
23.446894	2.073933e-02
23.647295	2.015520e-02
23.847695	1.959066e-02
24.048096	1.904514e-02
24.248497	1.851808e-02
24.448898	1.800891e-02
24.649299	1.751706e-02
24.849699	1.704197e-02
25.050100	1.658306e-02
25.250501	1.613980e-02
25.450902	1.571162e-02
25.651303	1.529801e-02
25.851703	1.489843e-02
26.052104	1.451237e-02
26.252505	1.413935e-02
26.452906	1.377889e-02
26.653307	1.343051e-02
26.853707	1.309376e-02
27.054108	1.276821e-02
27.254509	1.245344e-02
27.454910	1.214904e-02
27.655311	1.185462e-02
27.855711	1.156980e-02
28.056112	1.129422e-02
28.256513	1.102752e-02
28.456914	1.076938e-02
28.657315	1.051947e-02
28.857715	1.027748e-02
29.058116	1.004310e-02
29.258517	9.816062e-03
29.458918	9.596081e-03
29.659319	9.382895e-03
29.859719	9.176251e-03
30.060120	8.975907e-03
30.260521	8.781629e-03
30.460922	8.593194e-03
30.661323	8.410388e-03
30.861723	8.233004e-03
31.062124	8.060847e-03
31.262525	7.893725e-03
31.462926	7.731459e-03
31.663327	7.573874e-03
31.863727	7.420803e-03
32.064128	7.272086e-03
32.264529	7.127569e-03
32.464930	6.987105e-03
32.665331	6.850552e-03
32.865731	6.717774e-03
33.066132	6.588641e-03
33.266533	6.463028e-03
33.466934	6.340814e-03
33.667335	6.221884e-03
33.867735	6.106127e-03
34.068136	5.993436e-03
34.268537	5.883710e-03
34.468938	5.776850e-03
34.669339	5.672761e-03
34.869739	5.571353e-03
35.070140	5.472538e-03
35.270541	5.376232e-03
35.470942	5.282354e-03
35.671343	5.190827e-03
35.871743	5.101576e-03
36.072144	5.014528e-03
36.272545	4.929616e-03
36.472946	4.846771e-03
36.673347	4.765930e-03
36.873747	4.687031e-03
37.074148	4.610014e-03
37.274549	4.534822e-03
37.474950	4.461399e-03
37.675351	4.389693e-03
37.875752	4.319652e-03
38.076152	4.251227e-03
38.276553	4.184369e-03
38.476954	4.119032e-03
38.677355	4.055173e-03
38.877756	3.992748e-03
39.078156	3.931715e-03
39.278557	3.872036e-03
39.478958	3.813670e-03
39.679359	3.756582e-03
39.879760	3.700734e-03
40.080160	3.646093e-03
40.280561	3.592624e-03
40.480962	3.540296e-03
40.681363	3.489076e-03
40.881764	3.438934e-03
41.082164	3.389842e-03
41.282565	3.341770e-03
41.482966	3.294691e-03
41.683367	3.248580e-03
41.883768	3.203409e-03
42.084168	3.159154e-03
42.284569	3.115791e-03
42.484970	3.073297e-03
42.685371	3.031650e-03
42.885772	2.990826e-03
43.086172	2.950806e-03
43.286573	2.911569e-03
43.486974	2.873094e-03
43.687375	2.835363e-03
43.887776	2.798357e-03
44.088176	2.762057e-03
44.288577	2.726447e-03
44.488978	2.691509e-03
44.689379	2.657226e-03
44.889780	2.623584e-03
45.090180	2.590565e-03
45.290581	2.558156e-03
45.490982	2.526341e-03
45.691383	2.495106e-03
45.891784	2.464438e-03
46.092184	2.434323e-03
46.292585	2.404748e-03
46.492986	2.375700e-03
46.693387	2.347168e-03
46.893788	2.319138e-03
47.094188	2.291601e-03
47.294589	2.264544e-03
47.494990	2.237956e-03
47.695391	2.211827e-03
47.895792	2.186147e-03
48.096192	2.160905e-03
48.296593	2.136092e-03
48.496994	2.111698e-03
48.697395	2.087714e-03
48.897796	2.064131e-03
49.098196	2.040939e-03
49.298597	2.018132e-03
49.498998	1.995700e-03
49.699399	1.973634e-03
49.899800	1.951929e-03
50.100200	1.930575e-03
50.300601	1.909565e-03
50.501002	1.888892e-03
50.701403	1.868549e-03
50.901804	1.848529e-03
51.102204	1.828825e-03
51.302605	1.809431e-03
51.503006	1.790341e-03
51.703407	1.771547e-03
51.903808	1.753045e-03
52.104208	1.734827e-03
52.304609	1.716889e-03
52.505010	1.699225e-03
52.705411	1.681829e-03
52.905812	1.664696e-03
53.106212	1.647821e-03
53.306613	1.631199e-03
53.507014	1.614824e-03
53.707415	1.598692e-03
53.907816	1.582798e-03
54.108216	1.567137e-03
54.308617	1.551706e-03
54.509018	1.536499e-03
54.709419	1.521512e-03
54.909820	1.506741e-03
55.110220	1.492183e-03
55.310621	1.477832e-03
55.511022	1.463686e-03
55.711423	1.449740e-03
55.911824	1.435990e-03
56.112224	1.422433e-03
56.312625	1.409066e-03
56.513026	1.395885e-03
56.713427	1.382886e-03
56.913828	1.370066e-03
57.114228	1.357422e-03
57.314629	1.344951e-03
57.515030	1.332649e-03
57.715431	1.320514e-03
57.915832	1.308543e-03
58.116232	1.296732e-03
58.316633	1.285079e-03
58.517034	1.273582e-03
58.717435	1.262236e-03
58.917836	1.251041e-03
59.118236	1.239993e-03
59.318637	1.229089e-03
59.519038	1.218327e-03
59.719439	1.207705e-03
59.919840	1.197220e-03
60.120240	1.186870e-03
60.320641	1.176653e-03
60.521042	1.166566e-03
60.721443	1.156607e-03
60.921844	1.146775e-03
61.122244	1.137066e-03
61.322645	1.127479e-03
61.523046	1.118012e-03
61.723447	1.108663e-03
61.923848	1.099430e-03
62.124248	1.090311e-03
62.324649	1.081304e-03
62.525050	1.072408e-03
62.725451	1.063620e-03
62.925852	1.054939e-03
63.126253	1.046363e-03
63.326653	1.037891e-03
63.527054	1.029521e-03
63.727455	1.021250e-03
63.927856	1.013079e-03
64.128257	1.005004e-03
64.328657	9.970248e-04
64.529058	9.891398e-04
64.729459	9.813474e-04
64.929860	9.736461e-04
65.130261	9.660346e-04
65.330661	9.585114e-04
65.531062	9.510752e-04
65.731463	9.437248e-04
65.931864	9.364587e-04
66.132265	9.292757e-04
66.332665	9.221746e-04
66.533066	9.151541e-04
66.733467	9.082130e-04
66.933868	9.013501e-04
67.134269	8.945643e-04
67.334669	8.878544e-04
67.535070	8.812193e-04
67.735471	8.746578e-04
67.935872	8.681690e-04
68.136273	8.617517e-04
68.336673	8.554050e-04
68.537074	8.491277e-04
68.737475	8.429189e-04
68.937876	8.367776e-04
69.138277	8.307028e-04
69.338677	8.246936e-04
69.539078	8.187490e-04
69.739479	8.128681e-04
69.939880	8.070501e-04
70.140281	8.012940e-04
70.340681	7.955989e-04
70.541082	7.899640e-04
70.741483	7.843885e-04
70.941884	7.788715e-04
71.142285	7.734122e-04
71.342685	7.680099e-04
71.543086	7.626637e-04
71.743487	7.573728e-04
71.943888	7.521366e-04
72.144289	7.469542e-04
72.344689	7.418249e-04
72.545090	7.367481e-04
72.745491	7.317229e-04
72.945892	7.267488e-04
73.146293	7.218250e-04
73.346693	7.169508e-04
73.547094	7.121256e-04
73.747495	7.073487e-04
73.947896	7.026195e-04
74.148297	6.979374e-04
74.348697	6.933017e-04
74.549098	6.887119e-04
74.749499	6.841673e-04
74.949900	6.796673e-04
75.150301	6.752114e-04
75.350701	6.707990e-04
75.551102	6.664295e-04
75.751503	6.621024e-04
75.951904	6.578171e-04
76.152305	6.535732e-04
76.352705	6.493700e-04
76.553106	6.452070e-04
76.753507	6.410838e-04
76.953908	6.369998e-04
77.154309	6.329546e-04
77.354709	6.289477e-04
77.555110	6.249785e-04
77.755511	6.210466e-04
77.955912	6.171516e-04
78.156313	6.132929e-04
78.356713	6.094702e-04
78.557114	6.056830e-04
78.757515	6.019309e-04
78.957916	5.982133e-04
79.158317	5.945300e-04
79.358717	5.908805e-04
79.559118	5.872643e-04
79.759519	5.836811e-04
79.959920	5.801305e-04
80.160321	5.766121e-04
80.360721	5.731255e-04
80.561122	5.696703e-04
80.761523	5.662461e-04
80.961924	5.628526e-04
81.162325	5.594894e-04
81.362725	5.561562e-04
81.563126	5.528525e-04
81.763527	5.495781e-04
81.963928	5.463326e-04
82.164329	5.431157e-04
82.364729	5.399270e-04
82.565130	5.367662e-04
82.765531	5.336330e-04
82.965932	5.305270e-04
83.166333	5.274480e-04
83.366733	5.243957e-04
83.567134	5.213697e-04
83.767535	5.183697e-04
83.967936	5.153954e-04
84.168337	5.124466e-04
84.368737	5.095229e-04
84.569138	5.066241e-04
84.769539	5.037499e-04
84.969940	5.009000e-04
85.170341	4.980742e-04
85.370741	4.952721e-04
85.571142	4.924935e-04
85.771543	4.897382e-04
85.971944	4.870059e-04
86.172345	4.842963e-04
86.372745	4.816091e-04
86.573146	4.789443e-04
86.773547	4.763014e-04
86.973948	4.736802e-04
87.174349	4.710806e-04
87.374749	4.685022e-04
87.575150	4.659449e-04
87.775551	4.634085e-04
87.975952	4.608926e-04
88.176353	4.583971e-04
88.376754	4.559217e-04
88.577154	4.534663e-04
88.777555	4.510306e-04
88.977956	4.486144e-04
89.178357	4.462176e-04
89.378758	4.438398e-04
89.579158	4.414809e-04
89.779559	4.391408e-04
89.979960	4.368191e-04
90.180361	4.345158e-04
90.380762	4.322306e-04
90.581162	4.299633e-04
90.781563	4.277138e-04
90.981964	4.254818e-04
91.182365	4.232672e-04
91.382766	4.210698e-04
91.583166	4.188894e-04
91.783567	4.167259e-04
91.983968	4.145790e-04
92.184369	4.124487e-04
92.384770	4.103347e-04
92.585170	4.082368e-04
92.785571	4.061550e-04
92.985972	4.040890e-04
93.186373	4.020387e-04
93.386774	4.000039e-04
93.587174	3.979845e-04
93.787575	3.959803e-04
93.987976	3.939912e-04
94.188377	3.920170e-04
94.388778	3.900575e-04
94.589178	3.881127e-04
94.789579	3.861823e-04
94.989980	3.842663e-04
95.190381	3.823644e-04
95.390782	3.804767e-04
95.591182	3.786028e-04
95.791583	3.767427e-04
95.991984	3.748962e-04
96.192385	3.730633e-04
96.392786	3.712437e-04
96.593186	3.694374e-04
96.793587	3.676442e-04
96.993988	3.658640e-04
97.194389	3.640967e-04
97.394790	3.623421e-04
97.595190	3.606001e-04
97.795591	3.588706e-04
97.995992	3.571536e-04
98.196393	3.554488e-04
98.396794	3.537561e-04
98.597194	3.520755e-04
98.797595	3.504068e-04
98.997996	3.487499e-04
99.198397	3.471047e-04
99.398798	3.454711e-04
99.599198	3.438490e-04
99.799599	3.422382e-04
100.00000	3.406387e-04
